<?xml version="1.0" encoding="UTF-8"?>
<!-- Generated by org.testng.reporters.JUnitReportReporter -->
<testsuite hostname="TILLT03588" name="com.testcases.TC_Logout_002" tests="1" failures="0" timestamp="15 Nov 2019 08:29:06 GMT" time="17.763" errors="0">
  <testcase name="logouttest" time="17.763" classname="com.testcases.TC_Logout_002"/>
</testsuite> <!-- com.testcases.TC_Logout_002 -->
